<?xml version="1.0" encoding="UTF-8"?>
<!-- Generated by org.testng.reporters.JUnitReportReporter -->
<testsuite hostname="LAPTOP-Q98OKOC0" failures="0" tests="1" name="Appium_newStart.StartBase" time="15.157" errors="0" timestamp="2023-08-22T23:59:23 IST" skipped="0">
  <testcase classname="Appium_newStart.StartBase" name="Start" time="15.157"/>
  <system-out/>
</testsuite> <!-- Appium_newStart.StartBase -->
