<?xml version="1.0" encoding="UTF-8"?>
<!-- Generated by org.testng.reporters.JUnitReportReporter -->
<testsuite hostname="LAPTOP-Q98OKOC0" failures="0" tests="1" name="Learning_Rest.Learning.SampleDelete" time="2.589" errors="0" timestamp="2023-08-06T19:55:15 IST" skipped="0">
  <testcase classname="Learning_Rest.Learning.SampleDelete" name="Delete" time="2.589"/>
  <system-out/>
</testsuite> <!-- Learning_Rest.Learning.SampleDelete -->
