<?xml version="1.0" encoding="UTF-8"?>
<!-- Generated by org.testng.reporters.JUnitReportReporter -->
<testsuite hostname="LAPTOP-Q98OKOC0" failures="0" tests="1" name="Appium_Executuion.TC003_Execution" time="22.902" errors="0" timestamp="2023-09-09T18:39:33 IST" skipped="0">
  <testcase classname="Appium_Executuion.TC003_Execution" name="Execution" time="22.902"/>
  <system-out/>
</testsuite> <!-- Appium_Executuion.TC003_Execution -->
