<?xml version="1.0" encoding="UTF-8"?>
<!-- Generated by org.testng.reporters.JUnitReportReporter -->
<testsuite hostname="LAPTOP-Q98OKOC0" failures="0" tests="1" name="Learning_Rest.Learning.Sample" time="2.182" errors="0" timestamp="2023-08-04T20:58:17 IST" skipped="0">
  <testcase classname="Learning_Rest.Learning.Sample" name="GetCall" time="2.182"/>
  <system-out/>
</testsuite> <!-- Learning_Rest.Learning.Sample -->
