<?xml version="1.0" encoding="UTF-8"?>
<!-- Generated by org.testng.reporters.JUnitReportReporter -->
<testsuite hostname="LAPTOP-Q98OKOC0" failures="0" tests="2" name="Appium_Executuion.Shopp_AppExecution" time="110.875" errors="0" timestamp="2025-04-27T15:04:40 IST" skipped="0">
  <testcase classname="Appium_Executuion.Shopp_AppExecution" name="Shop_Start" time="45.258"/>
  <system-out/>
  <testcase classname="Appium_Executuion.Shopp_AppExecution" name="Shop_Start" time="65.617"/>
  <system-out/>
</testsuite> <!-- Appium_Executuion.Shopp_AppExecution -->
