<?xml version="1.0" encoding="UTF-8"?>
<!-- Generated by org.testng.reporters.JUnitReportReporter -->
<testsuite hostname="LAPTOP-Q98OKOC0" failures="0" tests="2" name="Appium_Executuion.Learning2" time="17.164" errors="0" timestamp="2023-08-27T12:52:15 IST" skipped="1">
  <testcase classname="Appium_Executuion.Learning2" name="Mobile_turn" time="17.164"/>
  <system-out/>
  <testcase classname="Appium_Executuion.Learning2" name="DragDrop">
    <skipped/>
  </testcase> <!-- DragDrop -->
  <system-out/>
</testsuite> <!-- Appium_Executuion.Learning2 -->
