<?xml version="1.0" encoding="UTF-8"?>
<!-- Generated by org.testng.reporters.JUnitReportReporter -->
<testsuite hostname="LAPTOP-Q98OKOC0" failures="0" tests="1" name="Learning_Rest.Learning.SamplePost" time="4.584" errors="0" timestamp="2023-08-07T14:15:13 IST" skipped="0">
  <testcase classname="Learning_Rest.Learning.SamplePost" name="PostCall" time="4.584"/>
  <system-out/>
</testsuite> <!-- Learning_Rest.Learning.SamplePost -->
