<?xml version="1.0" encoding="UTF-8"?>
<!-- Generated by org.testng.reporters.JUnitReportReporter -->
<testsuite hostname="LAPTOP-Q98OKOC0" failures="0" tests="1" name="Learning_Rest.Learning.Jira" time="1.232" errors="0" timestamp="2023-08-09T01:06:30 IST" skipped="0">
  <testcase classname="Learning_Rest.Learning.Jira" name="CreateIssue" time="1.232"/>
  <system-out/>
</testsuite> <!-- Learning_Rest.Learning.Jira -->
